<?xml version="1.0" encoding="UTF-8"?>
<!-- Generated by org.testng.reporters.JUnitReportReporter -->
<testsuite hostname="LAPTOP-B4P8CTP3" failures="0" tests="1" name="testcases.NinzaCRM_TC03" time="10.294" errors="0" timestamp="2025-07-22T08:37:36 IST" skipped="0">
  <testcase classname="testcases.NinzaCRM_TC03" name="createStatus" time="10.294"/>
  <system-out>
    <![CDATA[DB Connectivity Open
Preconditions]]>
  </system-out>
</testsuite> <!-- testcases.NinzaCRM_TC03 -->
