<?xml version="1.0" encoding="UTF-8"?>
<!-- Generated by org.testng.reporters.JUnitReportReporter -->
<testsuite hostname="LAPTOP-B4P8CTP3" failures="0" tests="1" name="testcases.NinzaCRM_TC03_Test" time="14.136" errors="0" timestamp="2025-07-26T07:43:12 IST" skipped="0">
  <testcase classname="testcases.NinzaCRM_TC03_Test" name="createStatus" time="14.136"/>
  <system-out>
    <![CDATA[report configuration
DB Connectivity Open
Preconditions]]>
  </system-out>
</testsuite> <!-- testcases.NinzaCRM_TC03_Test -->
