<?xml version="1.0" encoding="UTF-8"?>
<!-- Generated by org.testng.reporters.JUnitReportReporter -->
<testsuite hostname="LAPTOP-B4P8CTP3" failures="0" tests="1" name="testcases.NinzaCRM_TC05_Test" time="21.451" errors="0" timestamp="2025-07-26T07:39:35 IST" skipped="0">
  <testcase classname="testcases.NinzaCRM_TC05_Test" name="createProduct" time="21.451"/>
  <system-out>
    <![CDATA[report configuration
DB Connectivity Open
Preconditions]]>
  </system-out>
</testsuite> <!-- testcases.NinzaCRM_TC05_Test -->
